<?xml version="1.0" encoding="UTF-8"?>
<!-- Generated by org.testng.reporters.JUnitReportReporter -->
<testsuite hostname="W1651497" name="Selenium_Demo.Test3" tests="1" failures="0" timestamp="27 Aug 2019 11:56:21 GMT" time="11.313" errors="0">
  <testcase name="actionClickandHoldRelease" time="11.313" classname="Selenium_Demo.Test3"/>
</testsuite> <!-- Selenium_Demo.Test3 -->
